# JRE version: OpenJDK Runtime Environment (11.0.6+10) (build 11.0.6+10)
# Java VM: OpenJDK 64-Bit Server VM (11.0.6+10, mixed mode, tiered, compressed oops, g1 gc, windows-amd64)
Heap:
 garbage-first heap   total 78848K, used 30972K [0x00000000e0000000, 0x0000000100000000)
  region size 1024K, 10 young (10240K), 4 survivors (4096K)
 Metaspace       used 40019K, capacity 41711K, committed 41856K, reserved 1085440K
  class space    used 4737K, capacity 5391K, committed 5504K, reserved 1048576K
GC Heap History (20 events):
Event: 0.962 GC heap before
{Heap before GC invocations=0 (full 0):
 garbage-first heap   total 65536K, used 13312K [0x00000000e0000000, 0x0000000100000000)
  region size 1024K, 14 young (14336K), 0 survivors (0K)
 Metaspace       used 8181K, capacity 8312K, committed 8576K, reserved 1056768K
  class space    used 795K, capacity 854K, committed 896K, reserved 1048576K
}
Event: 0.974 GC heap after
{Heap after GC invocations=1 (full 0):
 garbage-first heap   total 65536K, used 4743K [0x00000000e0000000, 0x0000000100000000)
  region size 1024K, 2 young (2048K), 2 survivors (2048K)
 Metaspace       used 8181K, capacity 8312K, committed 8576K, reserved 1056768K
  class space    used 795K, capacity 854K, committed 896K, reserved 1048576K
}
Event: 2.205 GC heap before
{Heap before GC invocations=1 (full 0):
 garbage-first heap   total 65536K, used 17031K [0x00000000e0000000, 0x0000000100000000)
  region size 1024K, 14 young (14336K), 2 survivors (2048K)
 Metaspace       used 13104K, capacity 13502K, committed 13696K, reserved 1060864K
  class space    used 1423K, capacity 1537K, committed 1664K, reserved 1048576K
}
Event: 2.226 GC heap after
{Heap after GC invocations=2 (full 0):
 garbage-first heap   total 65536K, used 6305K [0x00000000e0000000, 0x0000000100000000)
  region size 1024K, 2 young (2048K), 2 survivors (2048K)
 Metaspace       used 13104K, capacity 13502K, committed 13696K, reserved 1060864K
  class space    used 1423K, capacity 1537K, committed 1664K, reserved 1048576K
}
Event: 3.631 GC heap before
{Heap before GC invocations=2 (full 0):
 garbage-first heap   total 65536K, used 28833K [0x00000000e0000000, 0x0000000100000000)
  region size 1024K, 25 young (25600K), 2 survivors (2048K)
 Metaspace       used 18622K, capacity 19228K, committed 19328K, reserved 1067008K
  class space    used 2099K, capacity 2375K, committed 2432K, reserved 1048576K
}
Event: 3.641 GC heap after
{Heap after GC invocations=3 (full 0):
 garbage-first heap   total 65536K, used 8565K [0x00000000e0000000, 0x0000000100000000)
  region size 1024K, 4 young (4096K), 4 survivors (4096K)
 Metaspace       used 18622K, capacity 19228K, committed 19328K, reserved 1067008K
  class space    used 2099K, capacity 2375K, committed 2432K, reserved 1048576K
}
Event: 4.375 GC heap before
{Heap before GC invocations=3 (full 0):
 garbage-first heap   total 65536K, used 33141K [0x00000000e0000000, 0x0000000100000000)
  region size 1024K, 29 young (29696K), 4 survivors (4096K)
 Metaspace       used 20552K, capacity 21199K, committed 21248K, reserved 1069056K
  class space    used 2249K, capacity 2516K, committed 2560K, reserved 1048576K
}
Event: 4.397 GC heap after
{Heap after GC invocations=4 (full 0):
 garbage-first heap   total 65536K, used 12008K [0x00000000e0000000, 0x0000000100000000)
  region size 1024K, 4 young (4096K), 4 survivors (4096K)
 Metaspace       used 20552K, capacity 21199K, committed 21248K, reserved 1069056K
  class space    used 2249K, capacity 2516K, committed 2560K, reserved 1048576K
}
Event: 5.570 GC heap before
{Heap before GC invocations=5 (full 0):
 garbage-first heap   total 65536K, used 40680K [0x00000000e0000000, 0x0000000100000000)
  region size 1024K, 30 young (30720K), 4 survivors (4096K)
 Metaspace       used 24092K, capacity 24849K, committed 24960K, reserved 1071104K
  class space    used 2639K, capacity 2900K, committed 2944K, reserved 1048576K
}
Event: 5.579 GC heap after
{Heap after GC invocations=6 (full 0):
 garbage-first heap   total 65536K, used 13695K [0x00000000e0000000, 0x0000000100000000)
  region size 1024K, 4 young (4096K), 4 survivors (4096K)
 Metaspace       used 24092K, capacity 24849K, committed 24960K, reserved 1071104K
  class space    used 2639K, capacity 2900K, committed 2944K, reserved 1048576K
}
Event: 6.767 GC heap before
{Heap before GC invocations=6 (full 0):
 garbage-first heap   total 65536K, used 41343K [0x00000000e0000000, 0x0000000100000000)
  region size 1024K, 32 young (32768K), 4 survivors (4096K)
 Metaspace       used 28102K, capacity 28893K, committed 29056K, reserved 1075200K
  class space    used 3106K, capacity 3425K, committed 3456K, reserved 1048576K
}
Event: 6.781 GC heap after
{Heap after GC invocations=7 (full 0):
 garbage-first heap   total 65536K, used 17131K [0x00000000e0000000, 0x0000000100000000)
  region size 1024K, 4 young (4096K), 4 survivors (4096K)
 Metaspace       used 28102K, capacity 28893K, committed 29056K, reserved 1075200K
  class space    used 3106K, capacity 3425K, committed 3456K, reserved 1048576K
}
Event: 7.313 GC heap before
{Heap before GC invocations=7 (full 0):
 garbage-first heap   total 65536K, used 43755K [0x00000000e0000000, 0x0000000100000000)
  region size 1024K, 30 young (30720K), 4 survivors (4096K)
 Metaspace       used 29063K, capacity 30226K, committed 30336K, reserved 1075200K
  class space    used 3256K, capacity 3700K, committed 3712K, reserved 1048576K
}
Event: 7.325 GC heap after
{Heap after GC invocations=8 (full 0):
 garbage-first heap   total 65536K, used 18426K [0x00000000e0000000, 0x0000000100000000)
  region size 1024K, 2 young (2048K), 2 survivors (2048K)
 Metaspace       used 29063K, capacity 30226K, committed 30336K, reserved 1075200K
  class space    used 3256K, capacity 3700K, committed 3712K, reserved 1048576K
}
Event: 8.508 GC heap before
{Heap before GC invocations=8 (full 0):
 garbage-first heap   total 65536K, used 46074K [0x00000000e0000000, 0x0000000100000000)
  region size 1024K, 29 young (29696K), 2 survivors (2048K)
 Metaspace       used 32403K, capacity 33657K, committed 33920K, reserved 1079296K
  class space    used 3672K, capacity 4182K, committed 4224K, reserved 1048576K
}
Event: 8.517 GC heap after
{Heap after GC invocations=9 (full 0):
 garbage-first heap   total 65536K, used 21488K [0x00000000e0000000, 0x0000000100000000)
  region size 1024K, 4 young (4096K), 4 survivors (4096K)
 Metaspace       used 32403K, capacity 33657K, committed 33920K, reserved 1079296K
  class space    used 3672K, capacity 4182K, committed 4224K, reserved 1048576K
}
Event: 9.375 GC heap before
{Heap before GC invocations=9 (full 0):
 garbage-first heap   total 65536K, used 41968K [0x00000000e0000000, 0x0000000100000000)
  region size 1024K, 25 young (25600K), 4 survivors (4096K)
 Metaspace       used 34351K, capacity 35763K, committed 35840K, reserved 1081344K
  class space    used 3964K, capacity 4548K, committed 4608K, reserved 1048576K
}
Event: 9.394 GC heap after
{Heap after GC invocations=10 (full 0):
 garbage-first heap   total 65536K, used 23987K [0x00000000e0000000, 0x0000000100000000)
  region size 1024K, 3 young (3072K), 3 survivors (3072K)
 Metaspace       used 34351K, capacity 35763K, committed 35840K, reserved 1081344K
  class space    used 3964K, capacity 4548K, committed 4608K, reserved 1048576K
}
Event: 11.392 GC heap before
{Heap before GC invocations=11 (full 0):
 garbage-first heap   total 65536K, used 46515K [0x00000000e0000000, 0x0000000100000000)
  region size 1024K, 25 young (25600K), 3 survivors (3072K)
 Metaspace       used 38979K, capacity 40696K, committed 40960K, reserved 1085440K
  class space    used 4607K, capacity 5288K, committed 5376K, reserved 1048576K
}
Event: 11.404 GC heap after
{Heap after GC invocations=12 (full 0):
 garbage-first heap   total 78848K, used 25852K [0x00000000e0000000, 0x0000000100000000)
  region size 1024K, 4 young (4096K), 4 survivors (4096K)
 Metaspace       used 38979K, capacity 40696K, committed 40960K, reserved 1085440K
  class space    used 4607K, capacity 5288K, committed 5376K, reserved 1048576K
}

